mode: set
github.com/hani-q/alien-invasion/structs/alien.go:21.33,23.2 1 0
github.com/hani-q/alien-invasion/structs/alien.go:25.58,30.33 2 0
github.com/hani-q/alien-invasion/structs/alien.go:124.2,124.11 1 0
github.com/hani-q/alien-invasion/structs/alien.go:30.33,37.43 2 0
github.com/hani-q/alien-invasion/structs/alien.go:44.3,54.25 3 0
github.com/hani-q/alien-invasion/structs/alien.go:65.3,73.24 4 0
github.com/hani-q/alien-invasion/structs/alien.go:37.43,39.9 1 0
github.com/hani-q/alien-invasion/structs/alien.go:54.25,59.9 3 0
github.com/hani-q/alien-invasion/structs/alien.go:73.24,95.4 7 0
github.com/hani-q/alien-invasion/structs/alien.go:95.9,95.31 1 0
github.com/hani-q/alien-invasion/structs/alien.go:95.31,120.4 9 0
github.com/hani-q/alien-invasion/structs/alien.go:131.43,133.20 1 1
github.com/hani-q/alien-invasion/structs/alien.go:140.2,147.34 4 1
github.com/hani-q/alien-invasion/structs/alien.go:150.2,150.15 1 1
github.com/hani-q/alien-invasion/structs/alien.go:133.20,136.13 3 1
github.com/hani-q/alien-invasion/structs/alien.go:147.34,149.3 1 1
github.com/hani-q/alien-invasion/structs/city.go:23.48,24.11 1 1
github.com/hani-q/alien-invasion/structs/city.go:25.13,26.15 1 1
github.com/hani-q/alien-invasion/structs/city.go:27.13,28.14 1 1
github.com/hani-q/alien-invasion/structs/city.go:29.12,30.14 1 1
github.com/hani-q/alien-invasion/structs/city.go:31.12,32.14 1 1
github.com/hani-q/alien-invasion/structs/city.go:33.10,34.11 1 0
github.com/hani-q/alien-invasion/structs/city.go:39.47,41.13 2 1
github.com/hani-q/alien-invasion/structs/city.go:42.15,43.17 1 1
github.com/hani-q/alien-invasion/structs/city.go:44.14,45.16 1 1
github.com/hani-q/alien-invasion/structs/city.go:46.14,47.16 1 1
github.com/hani-q/alien-invasion/structs/city.go:48.15,49.17 1 1
github.com/hani-q/alien-invasion/structs/city.go:50.10,51.12 1 0
github.com/hani-q/alien-invasion/structs/city.go:66.36,69.19 2 0
github.com/hani-q/alien-invasion/structs/city.go:73.2,73.17 1 0
github.com/hani-q/alien-invasion/structs/city.go:69.19,71.3 1 0
github.com/hani-q/alien-invasion/structs/city.go:73.17,75.3 1 0
github.com/hani-q/alien-invasion/structs/city.go:75.8,77.3 1 0
github.com/hani-q/alien-invasion/structs/city.go:83.43,84.26 1 1
github.com/hani-q/alien-invasion/structs/city.go:92.2,92.14 1 1
github.com/hani-q/alien-invasion/structs/city.go:84.26,86.40 1 1
github.com/hani-q/alien-invasion/structs/city.go:86.40,89.4 2 1
github.com/hani-q/alien-invasion/structs/city.go:96.44,98.2 1 1
github.com/hani-q/alien-invasion/structs/city.go:101.37,103.2 1 1
github.com/hani-q/alien-invasion/structs/city.go:109.50,115.20 2 1
github.com/hani-q/alien-invasion/structs/city.go:122.2,122.20 1 1
github.com/hani-q/alien-invasion/structs/city.go:131.2,131.19 1 1
github.com/hani-q/alien-invasion/structs/city.go:139.2,139.19 1 1
github.com/hani-q/alien-invasion/structs/city.go:147.2,147.34 1 1
github.com/hani-q/alien-invasion/structs/city.go:159.2,159.16 1 1
github.com/hani-q/alien-invasion/structs/city.go:115.20,116.30 1 1
github.com/hani-q/alien-invasion/structs/city.go:116.30,117.39 1 1
github.com/hani-q/alien-invasion/structs/city.go:117.39,119.5 1 1
github.com/hani-q/alien-invasion/structs/city.go:122.20,123.30 1 1
github.com/hani-q/alien-invasion/structs/city.go:123.30,124.39 1 1
github.com/hani-q/alien-invasion/structs/city.go:124.39,126.5 1 1
github.com/hani-q/alien-invasion/structs/city.go:131.19,132.29 1 0
github.com/hani-q/alien-invasion/structs/city.go:132.29,133.38 1 0
github.com/hani-q/alien-invasion/structs/city.go:133.38,135.5 1 0
github.com/hani-q/alien-invasion/structs/city.go:139.19,140.29 1 0
github.com/hani-q/alien-invasion/structs/city.go:140.29,141.38 1 0
github.com/hani-q/alien-invasion/structs/city.go:141.38,143.5 1 0
github.com/hani-q/alien-invasion/structs/city.go:147.34,148.49 1 1
github.com/hani-q/alien-invasion/structs/city.go:148.49,151.39 1 1
github.com/hani-q/alien-invasion/structs/city.go:151.39,152.13 1 1
github.com/hani-q/alien-invasion/structs/city.go:153.10,155.5 1 1
github.com/hani-q/alien-invasion/structs/city.go:165.32,167.20 2 1
github.com/hani-q/alien-invasion/structs/city.go:170.2,170.20 1 1
github.com/hani-q/alien-invasion/structs/city.go:173.2,173.19 1 1
github.com/hani-q/alien-invasion/structs/city.go:176.2,176.19 1 1
github.com/hani-q/alien-invasion/structs/city.go:181.2,184.48 3 1
github.com/hani-q/alien-invasion/structs/city.go:167.20,169.3 1 1
github.com/hani-q/alien-invasion/structs/city.go:170.20,172.3 1 1
github.com/hani-q/alien-invasion/structs/city.go:173.19,175.3 1 1
github.com/hani-q/alien-invasion/structs/city.go:176.19,178.3 1 1
github.com/hani-q/alien-invasion/structs/city.go:189.35,191.2 1 0
github.com/hani-q/alien-invasion/structs/city.go:198.37,199.14 1 1
github.com/hani-q/alien-invasion/structs/city.go:203.2,203.15 1 1
github.com/hani-q/alien-invasion/structs/city.go:199.14,201.3 1 0
github.com/hani-q/alien-invasion/structs/city.go:206.37,207.14 1 1
github.com/hani-q/alien-invasion/structs/city.go:211.2,211.67 1 1
github.com/hani-q/alien-invasion/structs/city.go:207.14,209.3 1 0
github.com/hani-q/alien-invasion/structs/world.go:20.45,23.33 3 0
github.com/hani-q/alien-invasion/structs/world.go:26.2,26.35 1 0
github.com/hani-q/alien-invasion/structs/world.go:23.33,25.3 1 0
github.com/hani-q/alien-invasion/structs/world.go:35.32,39.29 2 1
github.com/hani-q/alien-invasion/structs/world.go:39.29,41.3 1 0
github.com/hani-q/alien-invasion/structs/world.go:41.8,42.30 1 1
github.com/hani-q/alien-invasion/structs/world.go:46.3,46.19 1 1
github.com/hani-q/alien-invasion/structs/world.go:42.30,44.4 1 1
github.com/hani-q/alien-invasion/structs/world.go:51.43,53.18 2 1
github.com/hani-q/alien-invasion/structs/world.go:56.2,62.21 5 1
github.com/hani-q/alien-invasion/structs/world.go:66.2,66.33 1 1
github.com/hani-q/alien-invasion/structs/world.go:88.2,90.16 2 1
github.com/hani-q/alien-invasion/structs/world.go:53.18,55.3 1 0
github.com/hani-q/alien-invasion/structs/world.go:62.21,64.3 1 1
github.com/hani-q/alien-invasion/structs/world.go:66.33,72.27 3 1
github.com/hani-q/alien-invasion/structs/world.go:72.27,73.13 1 1
github.com/hani-q/alien-invasion/structs/world.go:73.13,83.5 4 1
github.com/hani-q/alien-invasion/structs/world.go:95.52,96.30 1 1
github.com/hani-q/alien-invasion/structs/world.go:104.2,107.31 2 1
github.com/hani-q/alien-invasion/structs/world.go:96.30,101.3 4 0
github.com/hani-q/alien-invasion/structs/world.go:107.31,108.31 1 1
github.com/hani-q/alien-invasion/structs/world.go:108.31,110.43 1 1
github.com/hani-q/alien-invasion/structs/world.go:110.43,121.10 5 1
github.com/hani-q/alien-invasion/structs/world.go:129.66,137.9 4 1
github.com/hani-q/alien-invasion/structs/world.go:140.2,144.34 2 1
github.com/hani-q/alien-invasion/structs/world.go:156.2,162.89 2 1
github.com/hani-q/alien-invasion/structs/world.go:137.9,139.3 1 1
github.com/hani-q/alien-invasion/structs/world.go:144.34,146.3 1 1
github.com/hani-q/alien-invasion/structs/world.go:146.8,150.3 3 1
github.com/hani-q/alien-invasion/structs/world.go:166.79,167.28 1 1
github.com/hani-q/alien-invasion/structs/world.go:168.15,169.58 1 1
github.com/hani-q/alien-invasion/structs/world.go:170.15,171.58 1 1
github.com/hani-q/alien-invasion/structs/world.go:172.14,173.56 1 1
github.com/hani-q/alien-invasion/structs/world.go:174.14,175.56 1 1
github.com/hani-q/alien-invasion/structs/world.go:180.44,182.34 1 1
github.com/hani-q/alien-invasion/structs/world.go:209.2,209.27 1 1
github.com/hani-q/alien-invasion/structs/world.go:182.34,187.25 1 1
github.com/hani-q/alien-invasion/structs/world.go:192.3,192.25 1 1
github.com/hani-q/alien-invasion/structs/world.go:197.3,197.24 1 1
github.com/hani-q/alien-invasion/structs/world.go:202.3,202.24 1 1
github.com/hani-q/alien-invasion/structs/world.go:187.25,190.4 2 0
github.com/hani-q/alien-invasion/structs/world.go:192.25,195.4 2 1
github.com/hani-q/alien-invasion/structs/world.go:197.24,200.4 2 1
github.com/hani-q/alien-invasion/structs/world.go:202.24,205.4 2 0
github.com/hani-q/alien-invasion/structs/world.go:212.30,213.16 1 1
github.com/hani-q/alien-invasion/structs/world.go:216.2,216.21 1 1
github.com/hani-q/alien-invasion/structs/world.go:213.16,215.3 1 0
